\BOOKMARK [1][-]{section.1}{\376\377\000I\000n\000d\000e\000k\000s\000\040\000h\000i\000e\000r\000a\000r\000c\000h\000i\000c\000z\000n\000y}{}% 1
\BOOKMARK [2][-]{subsection.1.1}{\376\377\000H\000i\000e\000r\000a\000r\000c\000h\000i\000a\000\040\000k\000l\000a\000s}{section.1}% 2
\BOOKMARK [1][-]{section.2}{\376\377\000I\000n\000d\000e\000k\000s\000\040\000k\000l\000a\000s}{}% 3
\BOOKMARK [2][-]{subsection.2.1}{\376\377\000L\000i\000s\000t\000a\000\040\000k\000l\000a\000s}{section.2}% 4
\BOOKMARK [1][-]{section.3}{\376\377\000I\000n\000d\000e\000k\000s\000\040\000p\000l\000i\000k\000\363\000w}{}% 5
\BOOKMARK [2][-]{subsection.3.1}{\376\377\000L\000i\000s\000t\000a\000\040\000p\000l\000i\000k\000\363\000w}{section.3}% 6
\BOOKMARK [1][-]{section.4}{\376\377\000D\000o\000k\000u\000m\000e\000n\000t\000a\000c\000j\000a\000\040\000k\000l\000a\000s}{}% 7
\BOOKMARK [2][-]{subsection.4.1}{\376\377\000D\000o\000k\000u\000m\000e\000n\000t\000a\000c\000j\000a\000\040\000k\000l\000a\000s\000y\000\040\000A\000d\000v\000a\000n\000c\000e\000d\000S\000t\000o\000p\000w\000a\000t\000c\000h}{section.4}% 8
\BOOKMARK [3][-]{subsubsection.4.1.1}{\376\377\000O\000p\000i\000s\000\040\000s\000z\000c\000z\000e\000g\000\363\001\102\000o\000w\000y}{subsection.4.1}% 9
\BOOKMARK [3][-]{subsubsection.4.1.2}{\376\377\000D\000o\000k\000u\000m\000e\000n\000t\000a\000c\000j\000a\000\040\000k\000o\000n\000s\000t\000r\000u\000k\000t\000o\000r\000a\000\040\000i\000\040\000d\000e\000s\000t\000r\000u\000k\000t\000o\000r\000a}{subsection.4.1}% 10
\BOOKMARK [3][-]{subsubsection.4.1.3}{\376\377\000D\000o\000k\000u\000m\000e\000n\000t\000a\000c\000j\000a\000\040\000f\000u\000n\000k\000c\000j\000i\000\040\000s\000k\001\102\000a\000d\000o\000w\000y\000c\000h}{subsection.4.1}% 11
\BOOKMARK [2][-]{subsection.4.2}{\376\377\000D\000o\000k\000u\000m\000e\000n\000t\000a\000c\000j\000a\000\040\000s\000z\000a\000b\000l\000o\000n\000u\000\040\000k\000l\000a\000s\000y\000\040\000B\000L\000i\000s\000t\000<\000\040\000O\000b\000j\000e\000c\000t\000\040\000>}{section.4}% 12
\BOOKMARK [3][-]{subsubsection.4.2.1}{\376\377\000O\000p\000i\000s\000\040\000s\000z\000c\000z\000e\000g\000\363\001\102\000o\000w\000y}{subsection.4.2}% 13
\BOOKMARK [3][-]{subsubsection.4.2.2}{\376\377\000D\000o\000k\000u\000m\000e\000n\000t\000a\000c\000j\000a\000\040\000k\000o\000n\000s\000t\000r\000u\000k\000t\000o\000r\000a\000\040\000i\000\040\000d\000e\000s\000t\000r\000u\000k\000t\000o\000r\000a}{subsection.4.2}% 14
\BOOKMARK [3][-]{subsubsection.4.2.3}{\376\377\000D\000o\000k\000u\000m\000e\000n\000t\000a\000c\000j\000a\000\040\000f\000u\000n\000k\000c\000j\000i\000\040\000s\000k\001\102\000a\000d\000o\000w\000y\000c\000h}{subsection.4.2}% 15
\BOOKMARK [2][-]{subsection.4.3}{\376\377\000D\000o\000k\000u\000m\000e\000n\000t\000a\000c\000j\000a\000\040\000s\000z\000a\000b\000l\000o\000n\000u\000\040\000k\000l\000a\000s\000y\000\040\000B\000N\000o\000d\000e\000<\000\040\000O\000b\000j\000e\000c\000t\000\040\000>}{section.4}% 16
\BOOKMARK [3][-]{subsubsection.4.3.1}{\376\377\000O\000p\000i\000s\000\040\000s\000z\000c\000z\000e\000g\000\363\001\102\000o\000w\000y}{subsection.4.3}% 17
\BOOKMARK [3][-]{subsubsection.4.3.2}{\376\377\000D\000o\000k\000u\000m\000e\000n\000t\000a\000c\000j\000a\000\040\000k\000o\000n\000s\000t\000r\000u\000k\000t\000o\000r\000a\000\040\000i\000\040\000d\000e\000s\000t\000r\000u\000k\000t\000o\000r\000a}{subsection.4.3}% 18
\BOOKMARK [3][-]{subsubsection.4.3.3}{\376\377\000D\000o\000k\000u\000m\000e\000n\000t\000a\000c\000j\000a\000\040\000f\000u\000n\000k\000c\000j\000i\000\040\000s\000k\001\102\000a\000d\000o\000w\000y\000c\000h}{subsection.4.3}% 19
\BOOKMARK [2][-]{subsection.4.4}{\376\377\000D\000o\000k\000u\000m\000e\000n\000t\000a\000c\000j\000a\000\040\000k\000l\000a\000s\000y\000\040\000G\000r\000a\000p\000h}{section.4}% 20
\BOOKMARK [3][-]{subsubsection.4.4.1}{\376\377\000O\000p\000i\000s\000\040\000s\000z\000c\000z\000e\000g\000\363\001\102\000o\000w\000y}{subsection.4.4}% 21
\BOOKMARK [3][-]{subsubsection.4.4.2}{\376\377\000D\000o\000k\000u\000m\000e\000n\000t\000a\000c\000j\000a\000\040\000k\000o\000n\000s\000t\000r\000u\000k\000t\000o\000r\000a\000\040\000i\000\040\000d\000e\000s\000t\000r\000u\000k\000t\000o\000r\000a}{subsection.4.4}% 22
\BOOKMARK [3][-]{subsubsection.4.4.3}{\376\377\000D\000o\000k\000u\000m\000e\000n\000t\000a\000c\000j\000a\000\040\000f\000u\000n\000k\000c\000j\000i\000\040\000s\000k\001\102\000a\000d\000o\000w\000y\000c\000h}{subsection.4.4}% 23
\BOOKMARK [3][-]{subsubsection.4.4.4}{\376\377\000D\000o\000k\000u\000m\000e\000n\000t\000a\000c\000j\000a\000\040\000a\000t\000r\000y\000b\000u\000t\000\363\000w\000\040\000s\000k\001\102\000a\000d\000o\000w\000y\000c\000h}{subsection.4.4}% 24
\BOOKMARK [2][-]{subsection.4.5}{\376\377\000D\000o\000k\000u\000m\000e\000n\000t\000a\000c\000j\000a\000\040\000s\000z\000a\000b\000l\000o\000n\000u\000\040\000k\000l\000a\000s\000y\000\040\000G\000r\000a\000p\000h\000\137\000T\000e\000s\000t\000<\000\040\000O\000b\000j\000e\000c\000t\000\040\000>}{section.4}% 25
\BOOKMARK [3][-]{subsubsection.4.5.1}{\376\377\000O\000p\000i\000s\000\040\000s\000z\000c\000z\000e\000g\000\363\001\102\000o\000w\000y}{subsection.4.5}% 26
\BOOKMARK [3][-]{subsubsection.4.5.2}{\376\377\000D\000o\000k\000u\000m\000e\000n\000t\000a\000c\000j\000a\000\040\000f\000u\000n\000k\000c\000j\000i\000\040\000s\000k\001\102\000a\000d\000o\000w\000y\000c\000h}{subsection.4.5}% 27
\BOOKMARK [2][-]{subsection.4.6}{\376\377\000D\000o\000k\000u\000m\000e\000n\000t\000a\000c\000j\000a\000\040\000k\000l\000a\000s\000y\000\040\000I\000G\000r\000a\000p\000h}{section.4}% 28
\BOOKMARK [3][-]{subsubsection.4.6.1}{\376\377\000O\000p\000i\000s\000\040\000s\000z\000c\000z\000e\000g\000\363\001\102\000o\000w\000y}{subsection.4.6}% 29
\BOOKMARK [3][-]{subsubsection.4.6.2}{\376\377\000D\000o\000k\000u\000m\000e\000n\000t\000a\000c\000j\000a\000\040\000f\000u\000n\000k\000c\000j\000i\000\040\000s\000k\001\102\000a\000d\000o\000w\000y\000c\000h}{subsection.4.6}% 30
\BOOKMARK [2][-]{subsection.4.7}{\376\377\000D\000o\000k\000u\000m\000e\000n\000t\000a\000c\000j\000a\000\040\000s\000z\000a\000b\000l\000o\000n\000u\000\040\000k\000l\000a\000s\000y\000\040\000I\000L\000i\000s\000t\000<\000\040\000O\000b\000j\000e\000c\000t\000\040\000>}{section.4}% 31
\BOOKMARK [3][-]{subsubsection.4.7.1}{\376\377\000O\000p\000i\000s\000\040\000s\000z\000c\000z\000e\000g\000\363\001\102\000o\000w\000y}{subsection.4.7}% 32
\BOOKMARK [3][-]{subsubsection.4.7.2}{\376\377\000D\000o\000k\000u\000m\000e\000n\000t\000a\000c\000j\000a\000\040\000f\000u\000n\000k\000c\000j\000i\000\040\000s\000k\001\102\000a\000d\000o\000w\000y\000c\000h}{subsection.4.7}% 33
\BOOKMARK [2][-]{subsection.4.8}{\376\377\000D\000o\000k\000u\000m\000e\000n\000t\000a\000c\000j\000a\000\040\000s\000z\000a\000b\000l\000o\000n\000u\000\040\000k\000l\000a\000s\000y\000\040\000I\000Q\000u\000e\000u\000e\000<\000\040\000O\000b\000j\000e\000c\000t\000\040\000>}{section.4}% 34
\BOOKMARK [3][-]{subsubsection.4.8.1}{\376\377\000O\000p\000i\000s\000\040\000s\000z\000c\000z\000e\000g\000\363\001\102\000o\000w\000y}{subsection.4.8}% 35
\BOOKMARK [3][-]{subsubsection.4.8.2}{\376\377\000D\000o\000k\000u\000m\000e\000n\000t\000a\000c\000j\000a\000\040\000f\000u\000n\000k\000c\000j\000i\000\040\000s\000k\001\102\000a\000d\000o\000w\000y\000c\000h}{subsection.4.8}% 36
\BOOKMARK [2][-]{subsection.4.9}{\376\377\000D\000o\000k\000u\000m\000e\000n\000t\000a\000c\000j\000a\000\040\000s\000z\000a\000b\000l\000o\000n\000u\000\040\000k\000l\000a\000s\000y\000\040\000I\000R\000u\000n\000n\000a\000b\000l\000e\000<\000\040\000O\000b\000j\000e\000c\000t\000\040\000>}{section.4}% 37
\BOOKMARK [3][-]{subsubsection.4.9.1}{\376\377\000O\000p\000i\000s\000\040\000s\000z\000c\000z\000e\000g\000\363\001\102\000o\000w\000y}{subsection.4.9}% 38
\BOOKMARK [3][-]{subsubsection.4.9.2}{\376\377\000D\000o\000k\000u\000m\000e\000n\000t\000a\000c\000j\000a\000\040\000f\000u\000n\000k\000c\000j\000i\000\040\000s\000k\001\102\000a\000d\000o\000w\000y\000c\000h}{subsection.4.9}% 39
\BOOKMARK [2][-]{subsection.4.10}{\376\377\000D\000o\000k\000u\000m\000e\000n\000t\000a\000c\000j\000a\000\040\000s\000z\000a\000b\000l\000o\000n\000u\000\040\000k\000l\000a\000s\000y\000\040\000I\000S\000t\000a\000c\000k\000<\000\040\000O\000b\000j\000e\000c\000t\000\040\000>}{section.4}% 40
\BOOKMARK [3][-]{subsubsection.4.10.1}{\376\377\000O\000p\000i\000s\000\040\000s\000z\000c\000z\000e\000g\000\363\001\102\000o\000w\000y}{subsection.4.10}% 41
\BOOKMARK [3][-]{subsubsection.4.10.2}{\376\377\000D\000o\000k\000u\000m\000e\000n\000t\000a\000c\000j\000a\000\040\000f\000u\000n\000k\000c\000j\000i\000\040\000s\000k\001\102\000a\000d\000o\000w\000y\000c\000h}{subsection.4.10}% 42
\BOOKMARK [2][-]{subsection.4.11}{\376\377\000D\000o\000k\000u\000m\000e\000n\000t\000a\000c\000j\000a\000\040\000s\000z\000a\000b\000l\000o\000n\000u\000\040\000k\000l\000a\000s\000y\000\040\000K\000o\000l\000e\000j\000k\000a\000<\000\040\000O\000b\000j\000e\000c\000t\000\040\000>}{section.4}% 43
\BOOKMARK [3][-]{subsubsection.4.11.1}{\376\377\000O\000p\000i\000s\000\040\000s\000z\000c\000z\000e\000g\000\363\001\102\000o\000w\000y}{subsection.4.11}% 44
\BOOKMARK [3][-]{subsubsection.4.11.2}{\376\377\000D\000o\000k\000u\000m\000e\000n\000t\000a\000c\000j\000a\000\040\000k\000o\000n\000s\000t\000r\000u\000k\000t\000o\000r\000a\000\040\000i\000\040\000d\000e\000s\000t\000r\000u\000k\000t\000o\000r\000a}{subsection.4.11}% 45
\BOOKMARK [3][-]{subsubsection.4.11.3}{\376\377\000D\000o\000k\000u\000m\000e\000n\000t\000a\000c\000j\000a\000\040\000f\000u\000n\000k\000c\000j\000i\000\040\000s\000k\001\102\000a\000d\000o\000w\000y\000c\000h}{subsection.4.11}% 46
\BOOKMARK [2][-]{subsection.4.12}{\376\377\000D\000o\000k\000u\000m\000e\000n\000t\000a\000c\000j\000a\000\040\000s\000z\000a\000b\000l\000o\000n\000u\000\040\000k\000l\000a\000s\000y\000\040\000S\000N\000o\000d\000e\000<\000\040\000O\000b\000j\000e\000c\000t\000\040\000>}{section.4}% 47
\BOOKMARK [3][-]{subsubsection.4.12.1}{\376\377\000O\000p\000i\000s\000\040\000s\000z\000c\000z\000e\000g\000\363\001\102\000o\000w\000y}{subsection.4.12}% 48
\BOOKMARK [3][-]{subsubsection.4.12.2}{\376\377\000D\000o\000k\000u\000m\000e\000n\000t\000a\000c\000j\000a\000\040\000k\000o\000n\000s\000t\000r\000u\000k\000t\000o\000r\000a\000\040\000i\000\040\000d\000e\000s\000t\000r\000u\000k\000t\000o\000r\000a}{subsection.4.12}% 49
\BOOKMARK [3][-]{subsubsection.4.12.3}{\376\377\000D\000o\000k\000u\000m\000e\000n\000t\000a\000c\000j\000a\000\040\000f\000u\000n\000k\000c\000j\000i\000\040\000s\000k\001\102\000a\000d\000o\000w\000y\000c\000h}{subsection.4.12}% 50
\BOOKMARK [2][-]{subsection.4.13}{\376\377\000D\000o\000k\000u\000m\000e\000n\000t\000a\000c\000j\000a\000\040\000k\000l\000a\000s\000y\000\040\000S\000t\000o\000p\000w\000a\000t\000c\000h}{section.4}% 51
\BOOKMARK [3][-]{subsubsection.4.13.1}{\376\377\000O\000p\000i\000s\000\040\000s\000z\000c\000z\000e\000g\000\363\001\102\000o\000w\000y}{subsection.4.13}% 52
\BOOKMARK [3][-]{subsubsection.4.13.2}{\376\377\000D\000o\000k\000u\000m\000e\000n\000t\000a\000c\000j\000a\000\040\000f\000u\000n\000k\000c\000j\000i\000\040\000s\000k\001\102\000a\000d\000o\000w\000y\000c\000h}{subsection.4.13}% 53
\BOOKMARK [3][-]{subsubsection.4.13.3}{\376\377\000D\000o\000k\000u\000m\000e\000n\000t\000a\000c\000j\000a\000\040\000a\000t\000r\000y\000b\000u\000t\000\363\000w\000\040\000s\000k\001\102\000a\000d\000o\000w\000y\000c\000h}{subsection.4.13}% 54
\BOOKMARK [2][-]{subsection.4.14}{\376\377\000D\000o\000k\000u\000m\000e\000n\000t\000a\000c\000j\000a\000\040\000s\000z\000a\000b\000l\000o\000n\000u\000\040\000k\000l\000a\000s\000y\000\040\000S\000t\000o\000s\000<\000\040\000O\000b\000j\000e\000c\000t\000\040\000>}{section.4}% 55
\BOOKMARK [3][-]{subsubsection.4.14.1}{\376\377\000O\000p\000i\000s\000\040\000s\000z\000c\000z\000e\000g\000\363\001\102\000o\000w\000y}{subsection.4.14}% 56
\BOOKMARK [3][-]{subsubsection.4.14.2}{\376\377\000D\000o\000k\000u\000m\000e\000n\000t\000a\000c\000j\000a\000\040\000k\000o\000n\000s\000t\000r\000u\000k\000t\000o\000r\000a\000\040\000i\000\040\000d\000e\000s\000t\000r\000u\000k\000t\000o\000r\000a}{subsection.4.14}% 57
\BOOKMARK [3][-]{subsubsection.4.14.3}{\376\377\000D\000o\000k\000u\000m\000e\000n\000t\000a\000c\000j\000a\000\040\000f\000u\000n\000k\000c\000j\000i\000\040\000s\000k\001\102\000a\000d\000o\000w\000y\000c\000h}{subsection.4.14}% 58
\BOOKMARK [1][-]{section.5}{\376\377\000D\000o\000k\000u\000m\000e\000n\000t\000a\000c\000j\000a\000\040\000p\000l\000i\000k\000\363\000w}{}% 59
\BOOKMARK [2][-]{subsection.5.1}{\376\377\000D\000o\000k\000u\000m\000e\000n\000t\000a\000c\000j\000a\000\040\000p\000l\000i\000k\000u\000\040\000p\000r\000j\000/\000i\000n\000c\000/\000A\000d\000v\000a\000n\000c\000e\000d\000S\000t\000o\000p\000w\000a\000t\000c\000h\000.\000h\000h}{section.5}% 60
\BOOKMARK [3][-]{subsubsection.5.1.1}{\376\377\000O\000p\000i\000s\000\040\000s\000z\000c\000z\000e\000g\000\363\001\102\000o\000w\000y}{subsection.5.1}% 61
\BOOKMARK [3][-]{subsubsection.5.1.2}{\376\377\000D\000o\000k\000u\000m\000e\000n\000t\000a\000c\000j\000a\000\040\000d\000e\000f\000i\000n\000i\000c\000j\000i}{subsection.5.1}% 62
\BOOKMARK [2][-]{subsection.5.2}{\376\377\000D\000o\000k\000u\000m\000e\000n\000t\000a\000c\000j\000a\000\040\000p\000l\000i\000k\000u\000\040\000p\000r\000j\000/\000i\000n\000c\000/\000B\000L\000i\000s\000t\000.\000h\000h}{section.5}% 63
\BOOKMARK [3][-]{subsubsection.5.2.1}{\376\377\000O\000p\000i\000s\000\040\000s\000z\000c\000z\000e\000g\000\363\001\102\000o\000w\000y}{subsection.5.2}% 64
\BOOKMARK [2][-]{subsection.5.3}{\376\377\000D\000o\000k\000u\000m\000e\000n\000t\000a\000c\000j\000a\000\040\000p\000l\000i\000k\000u\000\040\000p\000r\000j\000/\000i\000n\000c\000/\000B\000N\000o\000d\000e\000.\000h\000h}{section.5}% 65
\BOOKMARK [2][-]{subsection.5.4}{\376\377\000D\000o\000k\000u\000m\000e\000n\000t\000a\000c\000j\000a\000\040\000p\000l\000i\000k\000u\000\040\000p\000r\000j\000/\000i\000n\000c\000/\000G\000r\000a\000p\000h\000.\000h\000h}{section.5}% 66
\BOOKMARK [3][-]{subsubsection.5.4.1}{\376\377\000O\000p\000i\000s\000\040\000s\000z\000c\000z\000e\000g\000\363\001\102\000o\000w\000y}{subsection.5.4}% 67
\BOOKMARK [2][-]{subsection.5.5}{\376\377\000D\000o\000k\000u\000m\000e\000n\000t\000a\000c\000j\000a\000\040\000p\000l\000i\000k\000u\000\040\000p\000r\000j\000/\000i\000n\000c\000/\000G\000r\000a\000p\000h\000\137\000T\000e\000s\000t\000.\000h\000h}{section.5}% 68
\BOOKMARK [3][-]{subsubsection.5.5.1}{\376\377\000O\000p\000i\000s\000\040\000s\000z\000c\000z\000e\000g\000\363\001\102\000o\000w\000y}{subsection.5.5}% 69
\BOOKMARK [2][-]{subsection.5.6}{\376\377\000D\000o\000k\000u\000m\000e\000n\000t\000a\000c\000j\000a\000\040\000p\000l\000i\000k\000u\000\040\000p\000r\000j\000/\000i\000n\000c\000/\000I\000G\000r\000a\000p\000h\000.\000h\000h}{section.5}% 70
\BOOKMARK [3][-]{subsubsection.5.6.1}{\376\377\000O\000p\000i\000s\000\040\000s\000z\000c\000z\000e\000g\000\363\001\102\000o\000w\000y}{subsection.5.6}% 71
\BOOKMARK [2][-]{subsection.5.7}{\376\377\000D\000o\000k\000u\000m\000e\000n\000t\000a\000c\000j\000a\000\040\000p\000l\000i\000k\000u\000\040\000p\000r\000j\000/\000i\000n\000c\000/\000I\000L\000i\000s\000t\000.\000h\000h}{section.5}% 72
\BOOKMARK [3][-]{subsubsection.5.7.1}{\376\377\000O\000p\000i\000s\000\040\000s\000z\000c\000z\000e\000g\000\363\001\102\000o\000w\000y}{subsection.5.7}% 73
\BOOKMARK [2][-]{subsection.5.8}{\376\377\000D\000o\000k\000u\000m\000e\000n\000t\000a\000c\000j\000a\000\040\000p\000l\000i\000k\000u\000\040\000p\000r\000j\000/\000i\000n\000c\000/\000I\000Q\000u\000e\000u\000e\000.\000h\000h}{section.5}% 74
\BOOKMARK [3][-]{subsubsection.5.8.1}{\376\377\000O\000p\000i\000s\000\040\000s\000z\000c\000z\000e\000g\000\363\001\102\000o\000w\000y}{subsection.5.8}% 75
\BOOKMARK [2][-]{subsection.5.9}{\376\377\000D\000o\000k\000u\000m\000e\000n\000t\000a\000c\000j\000a\000\040\000p\000l\000i\000k\000u\000\040\000p\000r\000j\000/\000i\000n\000c\000/\000I\000R\000u\000n\000n\000a\000b\000l\000e\000.\000h\000h}{section.5}% 76
\BOOKMARK [3][-]{subsubsection.5.9.1}{\376\377\000O\000p\000i\000s\000\040\000s\000z\000c\000z\000e\000g\000\363\001\102\000o\000w\000y}{subsection.5.9}% 77
\BOOKMARK [2][-]{subsection.5.10}{\376\377\000D\000o\000k\000u\000m\000e\000n\000t\000a\000c\000j\000a\000\040\000p\000l\000i\000k\000u\000\040\000p\000r\000j\000/\000i\000n\000c\000/\000I\000S\000t\000a\000c\000k\000.\000h\000h}{section.5}% 78
\BOOKMARK [3][-]{subsubsection.5.10.1}{\376\377\000O\000p\000i\000s\000\040\000s\000z\000c\000z\000e\000g\000\363\001\102\000o\000w\000y}{subsection.5.10}% 79
\BOOKMARK [2][-]{subsection.5.11}{\376\377\000D\000o\000k\000u\000m\000e\000n\000t\000a\000c\000j\000a\000\040\000p\000l\000i\000k\000u\000\040\000p\000r\000j\000/\000i\000n\000c\000/\000K\000o\000l\000e\000j\000k\000a\000.\000h\000h}{section.5}% 80
\BOOKMARK [3][-]{subsubsection.5.11.1}{\376\377\000O\000p\000i\000s\000\040\000s\000z\000c\000z\000e\000g\000\363\001\102\000o\000w\000y}{subsection.5.11}% 81
\BOOKMARK [2][-]{subsection.5.12}{\376\377\000D\000o\000k\000u\000m\000e\000n\000t\000a\000c\000j\000a\000\040\000p\000l\000i\000k\000u\000\040\000p\000r\000j\000/\000i\000n\000c\000/\000S\000N\000o\000d\000e\000.\000h\000h}{section.5}% 82
\BOOKMARK [2][-]{subsection.5.13}{\376\377\000D\000o\000k\000u\000m\000e\000n\000t\000a\000c\000j\000a\000\040\000p\000l\000i\000k\000u\000\040\000p\000r\000j\000/\000i\000n\000c\000/\000S\000t\000o\000p\000w\000a\000t\000c\000h\000.\000h\000h}{section.5}% 83
\BOOKMARK [3][-]{subsubsection.5.13.1}{\376\377\000O\000p\000i\000s\000\040\000s\000z\000c\000z\000e\000g\000\363\001\102\000o\000w\000y}{subsection.5.13}% 84
\BOOKMARK [2][-]{subsection.5.14}{\376\377\000D\000o\000k\000u\000m\000e\000n\000t\000a\000c\000j\000a\000\040\000p\000l\000i\000k\000u\000\040\000p\000r\000j\000/\000i\000n\000c\000/\000S\000t\000o\000s\000.\000h\000h}{section.5}% 85
\BOOKMARK [3][-]{subsubsection.5.14.1}{\376\377\000O\000p\000i\000s\000\040\000s\000z\000c\000z\000e\000g\000\363\001\102\000o\000w\000y}{subsection.5.14}% 86
\BOOKMARK [2][-]{subsection.5.15}{\376\377\000D\000o\000k\000u\000m\000e\000n\000t\000a\000c\000j\000a\000\040\000p\000l\000i\000k\000u\000\040\000p\000r\000j\000/\000s\000r\000c\000/\000A\000d\000v\000a\000n\000c\000e\000d\000S\000t\000o\000p\000w\000a\000t\000c\000h\000.\000c\000p\000p}{section.5}% 87
\BOOKMARK [2][-]{subsection.5.16}{\376\377\000D\000o\000k\000u\000m\000e\000n\000t\000a\000c\000j\000a\000\040\000p\000l\000i\000k\000u\000\040\000p\000r\000j\000/\000s\000r\000c\000/\000G\000r\000a\000p\000h\000.\000c\000p\000p}{section.5}% 88
\BOOKMARK [2][-]{subsection.5.17}{\376\377\000D\000o\000k\000u\000m\000e\000n\000t\000a\000c\000j\000a\000\040\000p\000l\000i\000k\000u\000\040\000p\000r\000j\000/\000s\000r\000c\000/\000m\000a\000i\000n\000.\000c\000p\000p}{section.5}% 89
\BOOKMARK [3][-]{subsubsection.5.17.1}{\376\377\000D\000o\000k\000u\000m\000e\000n\000t\000a\000c\000j\000a\000\040\000f\000u\000n\000k\000c\000j\000i}{subsection.5.17}% 90
\BOOKMARK [2][-]{subsection.5.18}{\376\377\000D\000o\000k\000u\000m\000e\000n\000t\000a\000c\000j\000a\000\040\000p\000l\000i\000k\000u\000\040\000p\000r\000j\000/\000s\000r\000c\000/\000S\000t\000o\000p\000w\000a\000t\000c\000h\000.\000c\000p\000p}{section.5}% 91
